<?xml version="1.0" encoding="UTF-8"?>
<testsuite name="com.cabinvoice.InvoiceServiceTest" tests="3" skipped="0" failures="0" errors="0" timestamp="2020-07-11T04:26:39" hostname="SAIPRASAD-PC" time="0.007">
  <properties/>
  <testcase name="giveMultipleRides_shouldReturnInvoiceSummary" classname="com.cabinvoice.InvoiceServiceTest" time="0.005"/>
  <testcase name="givenDistanceAndTime_ShouldReturnMinumamFare" classname="com.cabinvoice.InvoiceServiceTest" time="0.0"/>
  <testcase name="givenDistanceAndTime_ShouldReturnTotalFare" classname="com.cabinvoice.InvoiceServiceTest" time="0.0"/>
  <system-out><![CDATA[]]></system-out>
  <system-err><![CDATA[]]></system-err>
</testsuite>
