<?xml version="1.0" encoding="UTF-8"?>
<testsuite name="com.cabinvoice.InvoiceServiceTest" tests="6" skipped="0" failures="0" errors="0" timestamp="2020-07-12T17:03:01" hostname="SAIPRASAD-PC" time="0.011">
  <properties/>
  <testcase name="giveMultipleRides_shouldReturnInvoiceSummary" classname="com.cabinvoice.InvoiceServiceTest" time="0.005"/>
  <testcase name="giveUserIdWithMultipleRides_shouldReturnInvoiceSummary" classname="com.cabinvoice.InvoiceServiceTest" time="0.001"/>
  <testcase name="givenPremiumUserId_GenerateTotalFare_ShouldReturnInvoiceSummery" classname="com.cabinvoice.InvoiceServiceTest" time="0.001"/>
  <testcase name="givenDistanceAndTime_ShouldReturnMinumamFare" classname="com.cabinvoice.InvoiceServiceTest" time="0.0"/>
  <testcase name="givenDistanceAndTime_ShouldReturnTotalFare" classname="com.cabinvoice.InvoiceServiceTest" time="0.0"/>
  <testcase name="givenNormalUserId_GenerateTotalFare_ShouldReturnInvoiceSummery" classname="com.cabinvoice.InvoiceServiceTest" time="0.001"/>
  <system-out><![CDATA[]]></system-out>
  <system-err><![CDATA[]]></system-err>
</testsuite>
