<?xml version="1.0" encoding="UTF-8"?>
<testsuite name="com.cabinvoice.InvoiceServiceTest" tests="1" skipped="0" failures="0" errors="0" timestamp="2020-07-11T04:55:13" hostname="SAIPRASAD-PC" time="0.005">
  <properties/>
  <testcase name="giveUserIdWithMultipleRides_shouldReturnInvoiceSummary" classname="com.cabinvoice.InvoiceServiceTest" time="0.005"/>
  <system-out><![CDATA[]]></system-out>
  <system-err><![CDATA[]]></system-err>
</testsuite>
