<?xml version="1.0" encoding="UTF-8"?>
<testsuite name="com.cabinvoice.InvoiceServiceTest" tests="1" skipped="0" failures="0" errors="0" timestamp="2020-07-11T04:00:03" hostname="SAIPRASAD-PC" time="0.002">
  <properties/>
  <testcase name="givenDistanceAndTime_ShouldReturnTotalFare" classname="com.cabinvoice.InvoiceServiceTest" time="0.002"/>
  <system-out><![CDATA[]]></system-out>
  <system-err><![CDATA[]]></system-err>
</testsuite>
