<?xml version="1.0" encoding="UTF-8"?>
<testsuite name="com.cabinvoice.InvoiceServiceTest" tests="5" skipped="0" failures="0" errors="0" timestamp="2020-07-12T16:37:01" hostname="SAIPRASAD-PC" time="0.009">
  <properties/>
  <testcase name="giveMultipleRides_shouldReturnInvoiceSummary" classname="com.cabinvoice.InvoiceServiceTest" time="0.004"/>
  <testcase name="giveUserIdWithMultipleRides_shouldReturnInvoiceSummary" classname="com.cabinvoice.InvoiceServiceTest" time="0.001"/>
  <testcase name="givenDistanceAndTime_ShouldReturnMinumamFare" classname="com.cabinvoice.InvoiceServiceTest" time="0.0"/>
  <testcase name="givenDistanceAndTime_ShouldReturnTotalFare" classname="com.cabinvoice.InvoiceServiceTest" time="0.0"/>
  <testcase name="givenNormalUserId_GenerateTotalFare_ShouldReturnInvoiceSummery" classname="com.cabinvoice.InvoiceServiceTest" time="0.001"/>
  <system-out><![CDATA[]]></system-out>
  <system-err><![CDATA[]]></system-err>
</testsuite>
